<?xml version="1.0" encoding="UTF-8"?>
<testng-results ignored="0" total="3" passed="3" failed="0" skipped="0">
  <reporter-output>
  </reporter-output>
  <suite started-at="2023-09-25T13:07:42 IST" name="All Test Suite" finished-at="2023-09-25T13:08:58 IST" duration-ms="75663">
    <groups>
      <group name="cucumber">
        <method signature="AbstractTestNGCucumberTests.runScenario(io.cucumber.testng.PickleWrapper,io.cucumber.testng.FeatureWrapper)[pri:0, instance:TestRunner@470f1802]" name="runScenario" class="io.cucumber.testng.AbstractTestNGCucumberTests"/>
      </group> <!-- cucumber -->
    </groups>
    <test started-at="2023-09-25T13:07:42 IST" name="D:/SeleniumJavaFiles/Selenium_Projects/BDDTimeConverterPageTest3/src" finished-at="2023-09-25T13:08:58 IST" duration-ms="75663">
      <class name="TestRunner">
        <test-method is-config="true" signature="setUpClass(org.testng.ITestContext)[pri:0, instance:TestRunner@470f1802]" started-at="2023-09-25T13:07:42 IST" name="setUpClass" finished-at="2023-09-25T13:07:43 IST" duration-ms="771" status="PASS">
          <params>
            <param index="0">
              <value>
                <![CDATA[org.testng.TestRunner@526a9908]]>
              </value>
            </param>
          </params>
          <reporter-output>
          </reporter-output>
        </test-method> <!-- setUpClass -->
        <test-method signature="runScenario(io.cucumber.testng.PickleWrapper,io.cucumber.testng.FeatureWrapper)[pri:0, instance:TestRunner@470f1802]" started-at="2023-09-25T13:07:43 IST" name="runScenario" description="Runs Cucumber Scenarios" data-provider="scenarios" finished-at="2023-09-25T13:08:17 IST" duration-ms="34141" status="PASS">
          <params>
            <param index="0">
              <value>
                <![CDATA["empty hours field"]]>
              </value>
            </param>
            <param index="1">
              <value>
                <![CDATA["converter functionality"]]>
              </value>
            </param>
          </params>
          <reporter-output>
          </reporter-output>
        </test-method> <!-- runScenario -->
        <test-method signature="runScenario(io.cucumber.testng.PickleWrapper,io.cucumber.testng.FeatureWrapper)[pri:0, instance:TestRunner@470f1802]" started-at="2023-09-25T13:08:17 IST" name="runScenario" description="Runs Cucumber Scenarios" data-provider="scenarios" finished-at="2023-09-25T13:08:42 IST" duration-ms="25054" status="PASS">
          <params>
            <param index="0">
              <value>
                <![CDATA["empty minutes field"]]>
              </value>
            </param>
            <param index="1">
              <value>
                <![CDATA["converter functionality"]]>
              </value>
            </param>
          </params>
          <reporter-output>
          </reporter-output>
        </test-method> <!-- runScenario -->
        <test-method signature="runScenario(io.cucumber.testng.PickleWrapper,io.cucumber.testng.FeatureWrapper)[pri:0, instance:TestRunner@470f1802]" started-at="2023-09-25T13:08:42 IST" name="runScenario" description="Runs Cucumber Scenarios" data-provider="scenarios" finished-at="2023-09-25T13:08:58 IST" duration-ms="15625" status="PASS">
          <params>
            <param index="0">
              <value>
                <![CDATA["valid hours and minutes"]]>
              </value>
            </param>
            <param index="1">
              <value>
                <![CDATA["converter functionality"]]>
              </value>
            </param>
          </params>
          <reporter-output>
          </reporter-output>
        </test-method> <!-- runScenario -->
        <test-method is-config="true" signature="tearDownClass()[pri:0, instance:TestRunner@470f1802]" started-at="2023-09-25T13:08:58 IST" name="tearDownClass" finished-at="2023-09-25T13:08:58 IST" duration-ms="5" status="PASS">
          <reporter-output>
          </reporter-output>
        </test-method> <!-- tearDownClass -->
      </class> <!-- TestRunner -->
    </test> <!-- D:/SeleniumJavaFiles/Selenium_Projects/BDDTimeConverterPageTest3/src -->
  </suite> <!-- All Test Suite -->
</testng-results>
